<html>
<body>
<pre>
<h1>µVision Build Log</h1>
<h2>Project:</h2>
D:\FreeRTOSv202212.00\FreeRTOS\Demo\ARM7_LPC2129_Keil_RVDS\RTOSDemo.uvproj
Project File Date:  09/06/2025

<h2>Output:</h2>
Build target 'RTOSDemo_THUMB'
compiling string.c...
compiling uart.c...
linking...
Program Size: Code=11356 RO-data=32 RW-data=104 ZI-data=7992  
FromELF: creating hex file...
".\bin\RTOSDemo.axf" - 0 Errors, 0 Warning(s).
Build target 'RTOSDemo_THUMB'
compiling main.c...
main.c(11): warning:  #223-D: function "eTransmiter_Status" declared implicitly
compiling string.c...
compiling uart.c...
linking...
.\bin\RTOSDemo.axf: Error: L6218E: Undefined symbol eTransmiter_Status (referred from main.o).
".\bin\RTOSDemo.axf" - 1 Errors, 1 Warning(s).
Target not created
Build target 'RTOSDemo_THUMB'
compiling main.c...
main.c(11): warning:  #223-D: function "eTransmiter_Status" declared implicitly
compiling uart.c...
uart.c(34): error:  #70: incomplete type is not allowed
uart.c(46): error:  #70: incomplete type is not allowed
uart.c(79): error:  #97: a function may not return a value of this type
uart.c(98): error:  #97: a function may not return a value of this type
".\bin\RTOSDemo.axf" - 4 Errors, 1 Warning(s).
Target not created
Build target 'RTOSDemo_THUMB'
compiling uart.c...
uart.c(34): error:  #70: incomplete type is not allowed
uart.c(46): error:  #70: incomplete type is not allowed
uart.c(79): error:  #97: a function may not return a value of this type
uart.c(98): error:  #97: a function may not return a value of this type
".\bin\RTOSDemo.axf" - 4 Errors, 0 Warning(s).
Target not created
Build target 'RTOSDemo_THUMB'
compiling main.c...
main.c(11): warning:  #223-D: function "eTransmiterStatus" declared implicitly
compiling uart.c...
linking...
.\bin\RTOSDemo.axf: Error: L6218E: Undefined symbol eTransmiterStatus (referred from main.o).
".\bin\RTOSDemo.axf" - 1 Errors, 1 Warning(s).
Target not created
Build target 'RTOSDemo_THUMB'
linking...
.\bin\RTOSDemo.axf: Error: L6218E: Undefined symbol eTransmiterStatus (referred from main.o).
".\bin\RTOSDemo.axf" - 1 Errors, 0 Warning(s).
Target not created
Build target 'RTOSDemo_THUMB'
linking...
.\bin\RTOSDemo.axf: Error: L6218E: Undefined symbol eTransmiterStatus (referred from main.o).
".\bin\RTOSDemo.axf" - 1 Errors, 0 Warning(s).
Target not created
Build target 'RTOSDemo_THUMB'
linking...
.\bin\RTOSDemo.axf: Error: L6218E: Undefined symbol eTransmiterStatus (referred from main.o).
".\bin\RTOSDemo.axf" - 1 Errors, 0 Warning(s).
Target not created
Build target 'RTOSDemo_THUMB'
compiling main.c...
linking...
Program Size: Code=9368 RO-data=32 RW-data=96 ZI-data=8024  
FromELF: creating hex file...
".\bin\RTOSDemo.axf" - 0 Errors, 0 Warning(s).
Build target 'RTOSDemo_THUMB'
linking...
Program Size: Code=9368 RO-data=32 RW-data=96 ZI-data=8024  
FromELF: creating hex file...
".\bin\RTOSDemo.axf" - 0 Errors, 0 Warning(s).
Build target 'RTOSDemo_THUMB'
compiling main.c...
compiling uart.c...
uart.c(137): error:  #268: declaration may not appear after executable statement in block
uart.c(140): error:  #20: identifier "U0FDR" is undefined
".\bin\RTOSDemo.axf" - 2 Errors, 0 Warning(s).
Target not created
Build target 'RTOSDemo_THUMB'
compiling uart.c...
uart.c(137): error:  #268: declaration may not appear after executable statement in block
uart.c(140): error:  #20: identifier "U0FDR" is undefined
".\bin\RTOSDemo.axf" - 2 Errors, 0 Warning(s).
Target not created
Build target 'RTOSDemo_THUMB'
compiling uart.c...
uart.c(137): error:  #268: declaration may not appear after executable statement in block
uart.c(140): error:  #20: identifier "U0FDR" is undefined
".\bin\RTOSDemo.axf" - 2 Errors, 0 Warning(s).
Target not created
Build target 'RTOSDemo_THUMB'
compiling uart.c...
uart.c(137): error:  #268: declaration may not appear after executable statement in block
".\bin\RTOSDemo.axf" - 1 Errors, 0 Warning(s).
Target not created
Build target 'RTOSDemo_THUMB'
compiling uart.c...
uart.c(137): error:  #268: declaration may not appear after executable statement in block
".\bin\RTOSDemo.axf" - 1 Errors, 0 Warning(s).
Target not created
Build target 'RTOSDemo_THUMB'
compiling uart.c...
linking...
Program Size: Code=9372 RO-data=32 RW-data=96 ZI-data=8024  
FromELF: creating hex file...
".\bin\RTOSDemo.axf" - 0 Errors, 0 Warning(s).
Build target 'RTOSDemo_THUMB'
linking...
Program Size: Code=9372 RO-data=32 RW-data=96 ZI-data=8024  
FromELF: creating hex file...
".\bin\RTOSDemo.axf" - 0 Errors, 0 Warning(s).
Build target 'RTOSDemo_THUMB'
linking...
Program Size: Code=9372 RO-data=32 RW-data=96 ZI-data=8024  
FromELF: creating hex file...
".\bin\RTOSDemo.axf" - 0 Errors, 0 Warning(s).
Build target 'RTOSDemo_THUMB'
compiling main.c...
compiling keyboard.c...
linking...
Program Size: Code=9536 RO-data=32 RW-data=96 ZI-data=8024  
FromELF: creating hex file...
".\bin\RTOSDemo.axf" - 0 Errors, 0 Warning(s).
Build target 'RTOSDemo_THUMB'
compiling keyboard.c...
linking...
Program Size: Code=9536 RO-data=32 RW-data=96 ZI-data=8024  
FromELF: creating hex file...
".\bin\RTOSDemo.axf" - 0 Errors, 0 Warning(s).
